TN:
SF:/Users/rahgoel/Documents/Initiatives/Deloitte Foundry/DevOps Tools/hello-world/src/polyfills.ts
FNF:0
FNH:0
LF:0
LH:0
BRF:0
BRH:0
end_of_record
TN:
SF:/Users/rahgoel/Documents/Initiatives/Deloitte Foundry/DevOps Tools/hello-world/src/test.ts
FNF:0
FNH:0
DA:13,1
DA:18,1
DA:20,1
LF:3
LH:3
BRF:0
BRH:0
end_of_record
TN:
SF:/Users/rahgoel/Documents/Initiatives/Deloitte Foundry/DevOps Tools/hello-world/src/app/app.component.ts
FN:3,AppComponent
FNF:1
FNH:1
FNDA:3,AppComponent
DA:8,1
DA:9,3
DA:10,1
LF:3
LH:3
BRF:0
BRH:0
end_of_record
